<?xml version="1.0" encoding="UTF-8"?>
<!-- Generated by org.testng.reporters.JUnitReportReporter -->
<testsuite hostname="MacBook-Pro-cua-TrungTo.local" name="demo.runners.testRunner" tests="1" failures="0" timestamp="4 Jul 2019 09:39:38 GMT" time="61.559" errors="0">
  <testcase name="runTCs" time="61.559" classname="demo.runners.testRunner"/>
</testsuite> <!-- demo.runners.testRunner -->
